<?xml version="1.0" encoding="UTF-8"?>
<testng-results skipped="0" failed="0" ignored="0" total="1" passed="1">
  <reporter-output>
  </reporter-output>
  <suite name="Default suite" duration-ms="55" started-at="2019-02-07T01:06:22Z" finished-at="2019-02-07T01:06:22Z">
    <groups>
    </groups>
    <test name="Default test" duration-ms="55" started-at="2019-02-07T01:06:22Z" finished-at="2019-02-07T01:06:22Z">
      <class name="com.ama20.Execution">
        <test-method status="PASS" signature="Open()[pri:0, instance:com.ama20.Execution@5702b3b1]" name="Open" is-config="true" duration-ms="9153" started-at="2019-02-06T20:06:12Z" finished-at="2019-02-06T20:06:22Z">
          <reporter-output>
          </reporter-output>
        </test-method> <!-- Open -->
        <test-method status="PASS" signature="test1()[pri:0, instance:com.ama20.Execution@5702b3b1]" name="test1" duration-ms="15" started-at="2019-02-06T20:06:22Z" finished-at="2019-02-06T20:06:22Z">
          <reporter-output>
          </reporter-output>
        </test-method> <!-- test1 -->
        <test-method status="PASS" signature="Close()[pri:0, instance:com.ama20.Execution@5702b3b1]" name="Close" is-config="true" duration-ms="4888" started-at="2019-02-06T20:06:22Z" finished-at="2019-02-06T20:06:27Z">
          <reporter-output>
          </reporter-output>
        </test-method> <!-- Close -->
      </class> <!-- com.ama20.Execution -->
    </test> <!-- Default test -->
  </suite> <!-- Default suite -->
</testng-results>
